0 info it worked if it ends with ok
1 verbose cli [ '/home/developer/.nvm/versions/node/v4.3.2/bin/node',
1 verbose cli   '/home/developer/.nvm/versions/node/v4.3.2/bin/npm',
1 verbose cli   'start' ]
2 info using npm@3.8.0
3 info using node@v4.3.2
4 verbose run-script [ 'prestart', 'start', 'poststart' ]
5 info lifecycle front-seed@0.0.0~prestart: front-seed@0.0.0
6 silly lifecycle front-seed@0.0.0~prestart: no script for prestart, continuing
7 info lifecycle front-seed@0.0.0~start: front-seed@0.0.0
8 verbose lifecycle front-seed@0.0.0~start: unsafe-perm in lifecycle true
9 verbose lifecycle front-seed@0.0.0~start: PATH: /home/developer/.nvm/versions/node/v4.3.2/lib/node_modules/npm/bin/node-gyp-bin:/home/developer/workspace/git/github/front-seed/node_modules/.bin:/home/developer/.nvm/versions/node/v4.3.2/bin:/home/developer/.nvm/versions/node/v4.3.2/bin:/usr/local/sbin:/usr/local/bin:/usr/sbin:/usr/bin:/sbin:/bin:/usr/games:/usr/local/games:/home/developer/.nvm/versions/node/v4.2.2/bin/jshint
10 verbose lifecycle front-seed@0.0.0~start: CWD: /home/developer/workspace/git/github/front-seed
11 silly lifecycle front-seed@0.0.0~start: Args: [ '-c', 'babel-node ./src/lib/bin/start.js' ]
12 silly lifecycle front-seed@0.0.0~start: Returned: code: 1  signal: null
13 info lifecycle front-seed@0.0.0~start: Failed to exec start script
14 verbose stack Error: front-seed@0.0.0 start: `babel-node ./src/lib/bin/start.js`
14 verbose stack Exit status 1
14 verbose stack     at EventEmitter.<anonymous> (/home/developer/.nvm/versions/node/v4.3.2/lib/node_modules/npm/lib/utils/lifecycle.js:239:16)
14 verbose stack     at emitTwo (events.js:87:13)
14 verbose stack     at EventEmitter.emit (events.js:172:7)
14 verbose stack     at ChildProcess.<anonymous> (/home/developer/.nvm/versions/node/v4.3.2/lib/node_modules/npm/lib/utils/spawn.js:24:14)
14 verbose stack     at emitTwo (events.js:87:13)
14 verbose stack     at ChildProcess.emit (events.js:172:7)
14 verbose stack     at maybeClose (internal/child_process.js:821:16)
14 verbose stack     at Process.ChildProcess._handle.onexit (internal/child_process.js:211:5)
15 verbose pkgid front-seed@0.0.0
16 verbose cwd /home/developer/workspace/git/github/front-seed
17 error Linux 3.13.0-59-generic
18 error argv "/home/developer/.nvm/versions/node/v4.3.2/bin/node" "/home/developer/.nvm/versions/node/v4.3.2/bin/npm" "start"
19 error node v4.3.2
20 error npm  v3.8.0
21 error code ELIFECYCLE
22 error front-seed@0.0.0 start: `babel-node ./src/lib/bin/start.js`
22 error Exit status 1
23 error Failed at the front-seed@0.0.0 start script 'babel-node ./src/lib/bin/start.js'.
23 error Make sure you have the latest version of node.js and npm installed.
23 error If you do, this is most likely a problem with the front-seed package,
23 error not with npm itself.
23 error Tell the author that this fails on your system:
23 error     babel-node ./src/lib/bin/start.js
23 error You can get information on how to open an issue for this project with:
23 error     npm bugs front-seed
23 error Or if that isn't available, you can get their info via:
23 error     npm owner ls front-seed
23 error There is likely additional logging output above.
24 verbose exit [ 1, true ]
